<?xml version="1.0" encoding="UTF-8"?>
<testng-results skipped="0" failed="0" total="1" passed="1">
  <reporter-output>
  </reporter-output>
  <suite name="Default suite" duration-ms="29" started-at="2019-08-02T08:59:43Z" finished-at="2019-08-02T08:59:43Z">
    <groups>
    </groups>
    <test name="Default test" duration-ms="29" started-at="2019-08-02T08:59:43Z" finished-at="2019-08-02T08:59:43Z">
      <class name="com.TestNG.TestNGAnnotations">
        <test-method status="PASS" signature="beforeSuiteMethod()[pri:0, instance:com.TestNG.TestNGAnnotations@1b40d5f0]" name="beforeSuiteMethod" is-config="true" duration-ms="18" started-at="2019-08-02T18:59:43Z" finished-at="2019-08-02T18:59:43Z">
          <reporter-output>
          </reporter-output>
        </test-method> <!-- beforeSuiteMethod -->
        <test-method status="PASS" signature="beforeTestMethod()[pri:0, instance:com.TestNG.TestNGAnnotations@1b40d5f0]" name="beforeTestMethod" is-config="true" duration-ms="1" started-at="2019-08-02T18:59:43Z" finished-at="2019-08-02T18:59:43Z">
          <reporter-output>
          </reporter-output>
        </test-method> <!-- beforeTestMethod -->
        <test-method status="PASS" signature="beforeClassMethod()[pri:0, instance:com.TestNG.TestNGAnnotations@1b40d5f0]" name="beforeClassMethod" is-config="true" duration-ms="0" started-at="2019-08-02T18:59:43Z" finished-at="2019-08-02T18:59:43Z">
          <reporter-output>
          </reporter-output>
        </test-method> <!-- beforeClassMethod -->
        <test-method status="PASS" signature="beforeMethodMethod()[pri:0, instance:com.TestNG.TestNGAnnotations@1b40d5f0]" name="beforeMethodMethod" is-config="true" duration-ms="1" started-at="2019-08-02T18:59:43Z" finished-at="2019-08-02T18:59:43Z">
          <reporter-output>
          </reporter-output>
        </test-method> <!-- beforeMethodMethod -->
        <test-method status="PASS" signature="testMethod()[pri:0, instance:com.TestNG.TestNGAnnotations@1b40d5f0]" name="testMethod" duration-ms="6" started-at="2019-08-02T18:59:43Z" finished-at="2019-08-02T18:59:43Z">
          <reporter-output>
          </reporter-output>
        </test-method> <!-- testMethod -->
        <test-method status="PASS" signature="afterMethodMethod()[pri:0, instance:com.TestNG.TestNGAnnotations@1b40d5f0]" name="afterMethodMethod" is-config="true" duration-ms="0" started-at="2019-08-02T18:59:43Z" finished-at="2019-08-02T18:59:43Z">
          <reporter-output>
          </reporter-output>
        </test-method> <!-- afterMethodMethod -->
        <test-method status="PASS" signature="afterClassMethod()[pri:0, instance:com.TestNG.TestNGAnnotations@1b40d5f0]" name="afterClassMethod" is-config="true" duration-ms="0" started-at="2019-08-02T18:59:43Z" finished-at="2019-08-02T18:59:43Z">
          <reporter-output>
          </reporter-output>
        </test-method> <!-- afterClassMethod -->
        <test-method status="PASS" signature="afterTestMethod()[pri:0, instance:com.TestNG.TestNGAnnotations@1b40d5f0]" name="afterTestMethod" is-config="true" duration-ms="0" started-at="2019-08-02T18:59:43Z" finished-at="2019-08-02T18:59:43Z">
          <reporter-output>
          </reporter-output>
        </test-method> <!-- afterTestMethod -->
        <test-method status="PASS" signature="afterSuiteMethod()[pri:0, instance:com.TestNG.TestNGAnnotations@1b40d5f0]" name="afterSuiteMethod" is-config="true" duration-ms="0" started-at="2019-08-02T18:59:43Z" finished-at="2019-08-02T18:59:43Z">
          <reporter-output>
          </reporter-output>
        </test-method> <!-- afterSuiteMethod -->
      </class> <!-- com.TestNG.TestNGAnnotations -->
    </test> <!-- Default test -->
  </suite> <!-- Default suite -->
</testng-results>
